\BOOKMARK [1][-]{section.1}{\376\377\000A\000\040\000T\000o\000o\000l\000k\000i\000t\000\040\000f\000o\000r\000\040\000A\000n\000a\000l\000y\000s\000i\000s\000\040\000o\000f\000\040\000A\000R\000X\000\040\000C\000r\000y\000p\000t\000o\000g\000r\000a\000p\000h\000i\000c\000\040\000A\000l\000g\000o\000r\000i\000t\000h\000m\000s}{}
\BOOKMARK [2][-]{subsection.1.1}{\376\377\000W\000h\000a\000t\000\040\000i\000s\000\040\000Y\000A\000A\000R\000X}{section.1}
\BOOKMARK [2][-]{subsection.1.2}{\376\377\000H\000o\000w\000\040\000D\000o\000e\000s\000\040\000i\000t\000\040\000C\000o\000m\000p\000a\000r\000e\000\040\000t\000o\000\040\000O\000t\000h\000e\000r\000\040\000A\000R\000X\000\040\000T\000o\000o\000l\000s}{section.1}
\BOOKMARK [2][-]{subsection.1.3}{\376\377\000W\000h\000a\000t\000\040\000C\000a\000n\000\040\000Y\000A\000A\000R\000X\000\040\000D\000o\000\040\000f\000o\000r\000\040\000M\000e}{section.1}
\BOOKMARK [3][-]{subsubsection.1.3.1}{\376\377\000U\000s\000i\000n\000g\000\040\000t\000h\000e\000\040\000T\000o\000o\000l\000s\000\040\000D\000i\000r\000e\000c\000t\000l\000y}{subsection.1.3}
\BOOKMARK [3][-]{subsubsection.1.3.2}{\376\377\000M\000o\000d\000i\000f\000y\000i\000n\000g\000\040\000t\000h\000e\000\040\000S\000o\000u\000r\000c\000e\000\040\000C\000o\000d\000e}{subsection.1.3}
\BOOKMARK [2][-]{subsection.1.4}{\376\377\000T\000h\000e\000\040\000Y\000A\000A\000R\000X\000\040\000T\000o\000o\000l\000s}{section.1}
\BOOKMARK [2][-]{subsection.1.5}{\376\377\000C\000o\000p\000y\000r\000i\000g\000h\000t}{section.1}
\BOOKMARK [1][-]{section.2}{\376\377\000D\000i\000r\000e\000c\000t\000o\000r\000y\000\040\000H\000i\000e\000r\000a\000r\000c\000h\000y}{}
\BOOKMARK [2][-]{subsection.2.1}{\376\377\000D\000i\000r\000e\000c\000t\000o\000r\000i\000e\000s}{section.2}
\BOOKMARK [1][-]{section.3}{\376\377\000D\000a\000t\000a\000\040\000S\000t\000r\000u\000c\000t\000u\000r\000e\000\040\000I\000n\000d\000e\000x}{}
\BOOKMARK [2][-]{subsection.3.1}{\376\377\000D\000a\000t\000a\000\040\000S\000t\000r\000u\000c\000t\000u\000r\000e\000s}{section.3}
\BOOKMARK [1][-]{section.4}{\376\377\000F\000i\000l\000e\000\040\000I\000n\000d\000e\000x}{}
\BOOKMARK [2][-]{subsection.4.1}{\376\377\000F\000i\000l\000e\000\040\000L\000i\000s\000t}{section.4}
\BOOKMARK [1][-]{section.5}{\376\377\000D\000i\000r\000e\000c\000t\000o\000r\000y\000\040\000D\000o\000c\000u\000m\000e\000n\000t\000a\000t\000i\000o\000n}{}
\BOOKMARK [2][-]{subsection.5.1}{\376\377\000i\000n\000c\000l\000u\000d\000e\000/\000\040\000D\000i\000r\000e\000c\000t\000o\000r\000y\000\040\000R\000e\000f\000e\000r\000e\000n\000c\000e}{section.5}
\BOOKMARK [2][-]{subsection.5.2}{\376\377\000s\000r\000c\000/\000\040\000D\000i\000r\000e\000c\000t\000o\000r\000y\000\040\000R\000e\000f\000e\000r\000e\000n\000c\000e}{section.5}
\BOOKMARK [2][-]{subsection.5.3}{\376\377\000t\000e\000s\000t\000s\000/\000\040\000D\000i\000r\000e\000c\000t\000o\000r\000y\000\040\000R\000e\000f\000e\000r\000e\000n\000c\000e}{section.5}
\BOOKMARK [1][-]{section.6}{\376\377\000D\000a\000t\000a\000\040\000S\000t\000r\000u\000c\000t\000u\000r\000e\000\040\000D\000o\000c\000u\000m\000e\000n\000t\000a\000t\000i\000o\000n}{}
\BOOKMARK [2][-]{subsection.6.1}{\376\377\000d\000i\000f\000f\000e\000r\000e\000n\000c\000e\000\137\000t\000\040\000S\000t\000r\000u\000c\000t\000\040\000R\000e\000f\000e\000r\000e\000n\000c\000e}{section.6}
\BOOKMARK [3][-]{subsubsection.6.1.1}{\376\377\000D\000e\000t\000a\000i\000l\000e\000d\000\040\000D\000e\000s\000c\000r\000i\000p\000t\000i\000o\000n}{subsection.6.1}
\BOOKMARK [3][-]{subsubsection.6.1.2}{\376\377\000F\000i\000e\000l\000d\000\040\000D\000o\000c\000u\000m\000e\000n\000t\000a\000t\000i\000o\000n}{subsection.6.1}
\BOOKMARK [2][-]{subsection.6.2}{\376\377\000d\000i\000f\000f\000e\000r\000e\000n\000t\000i\000a\000l\000\137\0003\000d\000\137\000t\000\040\000S\000t\000r\000u\000c\000t\000\040\000R\000e\000f\000e\000r\000e\000n\000c\000e}{section.6}
\BOOKMARK [3][-]{subsubsection.6.2.1}{\376\377\000D\000e\000t\000a\000i\000l\000e\000d\000\040\000D\000e\000s\000c\000r\000i\000p\000t\000i\000o\000n}{subsection.6.2}
\BOOKMARK [3][-]{subsubsection.6.2.2}{\376\377\000F\000i\000e\000l\000d\000\040\000D\000o\000c\000u\000m\000e\000n\000t\000a\000t\000i\000o\000n}{subsection.6.2}
\BOOKMARK [2][-]{subsection.6.3}{\376\377\000d\000i\000f\000f\000e\000r\000e\000n\000t\000i\000a\000l\000\137\000t\000\040\000S\000t\000r\000u\000c\000t\000\040\000R\000e\000f\000e\000r\000e\000n\000c\000e}{section.6}
\BOOKMARK [3][-]{subsubsection.6.3.1}{\376\377\000D\000e\000t\000a\000i\000l\000e\000d\000\040\000D\000e\000s\000c\000r\000i\000p\000t\000i\000o\000n}{subsection.6.3}
\BOOKMARK [3][-]{subsubsection.6.3.2}{\376\377\000F\000i\000e\000l\000d\000\040\000D\000o\000c\000u\000m\000e\000n\000t\000a\000t\000i\000o\000n}{subsection.6.3}
\BOOKMARK [2][-]{subsection.6.4}{\376\377\000s\000k\000e\000y\000\137\000t\000\040\000S\000t\000r\000u\000c\000t\000\040\000R\000e\000f\000e\000r\000e\000n\000c\000e}{section.6}
\BOOKMARK [3][-]{subsubsection.6.4.1}{\376\377\000D\000e\000t\000a\000i\000l\000e\000d\000\040\000D\000e\000s\000c\000r\000i\000p\000t\000i\000o\000n}{subsection.6.4}
\BOOKMARK [2][-]{subsection.6.5}{\376\377\000s\000t\000r\000u\000c\000t\000\137\000c\000o\000m\000p\000\137\000d\000i\000f\000f\000\137\0003\000d\000\137\000p\000\040\000S\000t\000r\000u\000c\000t\000\040\000R\000e\000f\000e\000r\000e\000n\000c\000e}{section.6}
\BOOKMARK [3][-]{subsubsection.6.5.1}{\376\377\000D\000e\000t\000a\000i\000l\000e\000d\000\040\000D\000e\000s\000c\000r\000i\000p\000t\000i\000o\000n}{subsection.6.5}
\BOOKMARK [2][-]{subsection.6.6}{\376\377\000s\000t\000r\000u\000c\000t\000\137\000c\000o\000m\000p\000\137\000d\000i\000f\000f\000\137\000d\000x\000\137\000d\000y\000\040\000S\000t\000r\000u\000c\000t\000\040\000R\000e\000f\000e\000r\000e\000n\000c\000e}{section.6}
\BOOKMARK [3][-]{subsubsection.6.6.1}{\376\377\000D\000e\000t\000a\000i\000l\000e\000d\000\040\000D\000e\000s\000c\000r\000i\000p\000t\000i\000o\000n}{subsection.6.6}
\BOOKMARK [2][-]{subsection.6.7}{\376\377\000s\000t\000r\000u\000c\000t\000\137\000c\000o\000m\000p\000\137\000d\000i\000f\000f\000\137\000p\000\040\000S\000t\000r\000u\000c\000t\000\040\000R\000e\000f\000e\000r\000e\000n\000c\000e}{section.6}
\BOOKMARK [3][-]{subsubsection.6.7.1}{\376\377\000D\000e\000t\000a\000i\000l\000e\000d\000\040\000D\000e\000s\000c\000r\000i\000p\000t\000i\000o\000n}{subsection.6.7}
\BOOKMARK [1][-]{section.7}{\376\377\000F\000i\000l\000e\000\040\000D\000o\000c\000u\000m\000e\000n\000t\000a\000t\000i\000o\000n}{}
\BOOKMARK [2][-]{subsection.7.1}{\376\377\000i\000n\000c\000l\000u\000d\000e\000/\000a\000d\000p\000-\000r\000s\000h\000-\000x\000o\000r\000.\000h\000h\000\040\000F\000i\000l\000e\000\040\000R\000e\000f\000e\000r\000e\000n\000c\000e}{section.7}
\BOOKMARK [3][-]{subsubsection.7.1.1}{\376\377\000D\000e\000t\000a\000i\000l\000e\000d\000\040\000D\000e\000s\000c\000r\000i\000p\000t\000i\000o\000n}{subsection.7.1}
\BOOKMARK [3][-]{subsubsection.7.1.2}{\376\377\000D\000e\000f\000i\000n\000e\000\040\000D\000o\000c\000u\000m\000e\000n\000t\000a\000t\000i\000o\000n}{subsection.7.1}
\BOOKMARK [3][-]{subsubsection.7.1.3}{\376\377\000F\000u\000n\000c\000t\000i\000o\000n\000\040\000D\000o\000c\000u\000m\000e\000n\000t\000a\000t\000i\000o\000n}{subsection.7.1}
\BOOKMARK [2][-]{subsection.7.2}{\376\377\000i\000n\000c\000l\000u\000d\000e\000/\000a\000d\000p\000-\000s\000h\000i\000f\000t\000.\000h\000h\000\040\000F\000i\000l\000e\000\040\000R\000e\000f\000e\000r\000e\000n\000c\000e}{section.7}
\BOOKMARK [3][-]{subsubsection.7.2.1}{\376\377\000D\000e\000t\000a\000i\000l\000e\000d\000\040\000D\000e\000s\000c\000r\000i\000p\000t\000i\000o\000n}{subsection.7.2}
\BOOKMARK [3][-]{subsubsection.7.2.2}{\376\377\000F\000u\000n\000c\000t\000i\000o\000n\000\040\000D\000o\000c\000u\000m\000e\000n\000t\000a\000t\000i\000o\000n}{subsection.7.2}
\BOOKMARK [2][-]{subsection.7.3}{\376\377\000i\000n\000c\000l\000u\000d\000e\000/\000a\000d\000p\000-\000t\000e\000a\000-\000f\000-\000f\000k\000-\000d\000d\000t\000.\000h\000h\000\040\000F\000i\000l\000e\000\040\000R\000e\000f\000e\000r\000e\000n\000c\000e}{section.7}
\BOOKMARK [3][-]{subsubsection.7.3.1}{\376\377\000D\000e\000t\000a\000i\000l\000e\000d\000\040\000D\000e\000s\000c\000r\000i\000p\000t\000i\000o\000n}{subsection.7.3}
\BOOKMARK [3][-]{subsubsection.7.3.2}{\376\377\000F\000u\000n\000c\000t\000i\000o\000n\000\040\000D\000o\000c\000u\000m\000e\000n\000t\000a\000t\000i\000o\000n}{subsection.7.3}
\BOOKMARK [2][-]{subsection.7.4}{\376\377\000i\000n\000c\000l\000u\000d\000e\000/\000a\000d\000p\000-\000t\000e\000a\000-\000f\000-\000f\000k\000-\000n\000o\000s\000h\000i\000f\000t\000.\000h\000h\000\040\000F\000i\000l\000e\000\040\000R\000e\000f\000e\000r\000e\000n\000c\000e}{section.7}
\BOOKMARK [3][-]{subsubsection.7.4.1}{\376\377\000D\000e\000t\000a\000i\000l\000e\000d\000\040\000D\000e\000s\000c\000r\000i\000p\000t\000i\000o\000n}{subsection.7.4}
\BOOKMARK [3][-]{subsubsection.7.4.2}{\376\377\000D\000e\000f\000i\000n\000e\000\040\000D\000o\000c\000u\000m\000e\000n\000t\000a\000t\000i\000o\000n}{subsection.7.4}
\BOOKMARK [3][-]{subsubsection.7.4.3}{\376\377\000F\000u\000n\000c\000t\000i\000o\000n\000\040\000D\000o\000c\000u\000m\000e\000n\000t\000a\000t\000i\000o\000n}{subsection.7.4}
\BOOKMARK [2][-]{subsection.7.5}{\376\377\000i\000n\000c\000l\000u\000d\000e\000/\000a\000d\000p\000-\000t\000e\000a\000-\000f\000-\000f\000k\000.\000h\000h\000\040\000F\000i\000l\000e\000\040\000R\000e\000f\000e\000r\000e\000n\000c\000e}{section.7}
\BOOKMARK [3][-]{subsubsection.7.5.1}{\376\377\000D\000e\000t\000a\000i\000l\000e\000d\000\040\000D\000e\000s\000c\000r\000i\000p\000t\000i\000o\000n}{subsection.7.5}
\BOOKMARK [3][-]{subsubsection.7.5.2}{\376\377\000F\000u\000n\000c\000t\000i\000o\000n\000\040\000D\000o\000c\000u\000m\000e\000n\000t\000a\000t\000i\000o\000n}{subsection.7.5}
\BOOKMARK [2][-]{subsection.7.6}{\376\377\000i\000n\000c\000l\000u\000d\000e\000/\000a\000d\000p\000-\000x\000o\000r\000-\000f\000i\000.\000h\000h\000\040\000F\000i\000l\000e\000\040\000R\000e\000f\000e\000r\000e\000n\000c\000e}{section.7}
\BOOKMARK [3][-]{subsubsection.7.6.1}{\376\377\000D\000e\000t\000a\000i\000l\000e\000d\000\040\000D\000e\000s\000c\000r\000i\000p\000t\000i\000o\000n}{subsection.7.6}
\BOOKMARK [3][-]{subsubsection.7.6.2}{\376\377\000D\000e\000f\000i\000n\000e\000\040\000D\000o\000c\000u\000m\000e\000n\000t\000a\000t\000i\000o\000n}{subsection.7.6}
\BOOKMARK [3][-]{subsubsection.7.6.3}{\376\377\000F\000u\000n\000c\000t\000i\000o\000n\000\040\000D\000o\000c\000u\000m\000e\000n\000t\000a\000t\000i\000o\000n}{subsection.7.6}
\BOOKMARK [2][-]{subsection.7.7}{\376\377\000i\000n\000c\000l\000u\000d\000e\000/\000a\000d\000p\000-\000x\000o\000r\000-\000p\000d\000d\000t\000.\000h\000h\000\040\000F\000i\000l\000e\000\040\000R\000e\000f\000e\000r\000e\000n\000c\000e}{section.7}
\BOOKMARK [3][-]{subsubsection.7.7.1}{\376\377\000D\000e\000t\000a\000i\000l\000e\000d\000\040\000D\000e\000s\000c\000r\000i\000p\000t\000i\000o\000n}{subsection.7.7}
\BOOKMARK [3][-]{subsubsection.7.7.2}{\376\377\000F\000u\000n\000c\000t\000i\000o\000n\000\040\000D\000o\000c\000u\000m\000e\000n\000t\000a\000t\000i\000o\000n}{subsection.7.7}
\BOOKMARK [2][-]{subsection.7.8}{\376\377\000i\000n\000c\000l\000u\000d\000e\000/\000a\000d\000p\000-\000x\000o\000r\000.\000h\000h\000\040\000F\000i\000l\000e\000\040\000R\000e\000f\000e\000r\000e\000n\000c\000e}{section.7}
\BOOKMARK [3][-]{subsubsection.7.8.1}{\376\377\000D\000e\000t\000a\000i\000l\000e\000d\000\040\000D\000e\000s\000c\000r\000i\000p\000t\000i\000o\000n}{subsection.7.8}
\BOOKMARK [3][-]{subsubsection.7.8.2}{\376\377\000D\000e\000f\000i\000n\000e\000\040\000D\000o\000c\000u\000m\000e\000n\000t\000a\000t\000i\000o\000n}{subsection.7.8}
\BOOKMARK [3][-]{subsubsection.7.8.3}{\376\377\000F\000u\000n\000c\000t\000i\000o\000n\000\040\000D\000o\000c\000u\000m\000e\000n\000t\000a\000t\000i\000o\000n}{subsection.7.8}
\BOOKMARK [2][-]{subsection.7.9}{\376\377\000i\000n\000c\000l\000u\000d\000e\000/\000a\000d\000p\000-\000x\000o\000r\0003\000.\000h\000h\000\040\000F\000i\000l\000e\000\040\000R\000e\000f\000e\000r\000e\000n\000c\000e}{section.7}
\BOOKMARK [3][-]{subsubsection.7.9.1}{\376\377\000D\000e\000t\000a\000i\000l\000e\000d\000\040\000D\000e\000s\000c\000r\000i\000p\000t\000i\000o\000n}{subsection.7.9}
\BOOKMARK [3][-]{subsubsection.7.9.2}{\376\377\000D\000e\000f\000i\000n\000e\000\040\000D\000o\000c\000u\000m\000e\000n\000t\000a\000t\000i\000o\000n}{subsection.7.9}
\BOOKMARK [3][-]{subsubsection.7.9.3}{\376\377\000F\000u\000n\000c\000t\000i\000o\000n\000\040\000D\000o\000c\000u\000m\000e\000n\000t\000a\000t\000i\000o\000n}{subsection.7.9}
\BOOKMARK [2][-]{subsection.7.10}{\376\377\000i\000n\000c\000l\000u\000d\000e\000/\000a\000d\000p\000-\000x\000t\000e\000a\000-\000f\000-\000f\000k\000.\000h\000h\000\040\000F\000i\000l\000e\000\040\000R\000e\000f\000e\000r\000e\000n\000c\000e}{section.7}
\BOOKMARK [3][-]{subsubsection.7.10.1}{\376\377\000D\000e\000t\000a\000i\000l\000e\000d\000\040\000D\000e\000s\000c\000r\000i\000p\000t\000i\000o\000n}{subsection.7.10}
\BOOKMARK [3][-]{subsubsection.7.10.2}{\376\377\000F\000u\000n\000c\000t\000i\000o\000n\000\040\000D\000o\000c\000u\000m\000e\000n\000t\000a\000t\000i\000o\000n}{subsection.7.10}
\BOOKMARK [2][-]{subsection.7.11}{\376\377\000i\000n\000c\000l\000u\000d\000e\000/\000c\000o\000m\000m\000o\000n\000.\000h\000h\000\040\000F\000i\000l\000e\000\040\000R\000e\000f\000e\000r\000e\000n\000c\000e}{section.7}
\BOOKMARK [3][-]{subsubsection.7.11.1}{\376\377\000D\000e\000t\000a\000i\000l\000e\000d\000\040\000D\000e\000s\000c\000r\000i\000p\000t\000i\000o\000n}{subsection.7.11}
\BOOKMARK [3][-]{subsubsection.7.11.2}{\376\377\000D\000e\000f\000i\000n\000e\000\040\000D\000o\000c\000u\000m\000e\000n\000t\000a\000t\000i\000o\000n}{subsection.7.11}
\BOOKMARK [3][-]{subsubsection.7.11.3}{\376\377\000F\000u\000n\000c\000t\000i\000o\000n\000\040\000D\000o\000c\000u\000m\000e\000n\000t\000a\000t\000i\000o\000n}{subsection.7.11}
\BOOKMARK [2][-]{subsection.7.12}{\376\377\000i\000n\000c\000l\000u\000d\000e\000/\000e\000a\000d\000p\000-\000t\000e\000a\000-\000f\000.\000h\000h\000\040\000F\000i\000l\000e\000\040\000R\000e\000f\000e\000r\000e\000n\000c\000e}{section.7}
\BOOKMARK [3][-]{subsubsection.7.12.1}{\376\377\000D\000e\000t\000a\000i\000l\000e\000d\000\040\000D\000e\000s\000c\000r\000i\000p\000t\000i\000o\000n}{subsection.7.12}
\BOOKMARK [3][-]{subsubsection.7.12.2}{\376\377\000F\000u\000n\000c\000t\000i\000o\000n\000\040\000D\000o\000c\000u\000m\000e\000n\000t\000a\000t\000i\000o\000n}{subsection.7.12}
\BOOKMARK [2][-]{subsection.7.13}{\376\377\000i\000n\000c\000l\000u\000d\000e\000/\000m\000a\000x\000-\000a\000d\000p\000-\000x\000o\000r\000-\000f\000i\000.\000h\000h\000\040\000F\000i\000l\000e\000\040\000R\000e\000f\000e\000r\000e\000n\000c\000e}{section.7}
\BOOKMARK [3][-]{subsubsection.7.13.1}{\376\377\000D\000e\000t\000a\000i\000l\000e\000d\000\040\000D\000e\000s\000c\000r\000i\000p\000t\000i\000o\000n}{subsection.7.13}
\BOOKMARK [3][-]{subsubsection.7.13.2}{\376\377\000F\000u\000n\000c\000t\000i\000o\000n\000\040\000D\000o\000c\000u\000m\000e\000n\000t\000a\000t\000i\000o\000n}{subsection.7.13}
\BOOKMARK [2][-]{subsection.7.14}{\376\377\000i\000n\000c\000l\000u\000d\000e\000/\000m\000a\000x\000-\000a\000d\000p\000-\000x\000o\000r\000.\000h\000h\000\040\000F\000i\000l\000e\000\040\000R\000e\000f\000e\000r\000e\000n\000c\000e}{section.7}
\BOOKMARK [3][-]{subsubsection.7.14.1}{\376\377\000D\000e\000t\000a\000i\000l\000e\000d\000\040\000D\000e\000s\000c\000r\000i\000p\000t\000i\000o\000n}{subsection.7.14}
\BOOKMARK [3][-]{subsubsection.7.14.2}{\376\377\000F\000u\000n\000c\000t\000i\000o\000n\000\040\000D\000o\000c\000u\000m\000e\000n\000t\000a\000t\000i\000o\000n}{subsection.7.14}
\BOOKMARK [2][-]{subsection.7.15}{\376\377\000i\000n\000c\000l\000u\000d\000e\000/\000m\000a\000x\000-\000a\000d\000p\000-\000x\000o\000r\0003\000-\000s\000e\000t\000.\000h\000h\000\040\000F\000i\000l\000e\000\040\000R\000e\000f\000e\000r\000e\000n\000c\000e}{section.7}
\BOOKMARK [3][-]{subsubsection.7.15.1}{\376\377\000D\000e\000t\000a\000i\000l\000e\000d\000\040\000D\000e\000s\000c\000r\000i\000p\000t\000i\000o\000n}{subsection.7.15}
\BOOKMARK [3][-]{subsubsection.7.15.2}{\376\377\000D\000e\000f\000i\000n\000e\000\040\000D\000o\000c\000u\000m\000e\000n\000t\000a\000t\000i\000o\000n}{subsection.7.15}
\BOOKMARK [3][-]{subsubsection.7.15.3}{\376\377\000F\000u\000n\000c\000t\000i\000o\000n\000\040\000D\000o\000c\000u\000m\000e\000n\000t\000a\000t\000i\000o\000n}{subsection.7.15}
\BOOKMARK [2][-]{subsection.7.16}{\376\377\000i\000n\000c\000l\000u\000d\000e\000/\000m\000a\000x\000-\000a\000d\000p\000-\000x\000o\000r\0003\000.\000h\000h\000\040\000F\000i\000l\000e\000\040\000R\000e\000f\000e\000r\000e\000n\000c\000e}{section.7}
\BOOKMARK [3][-]{subsubsection.7.16.1}{\376\377\000D\000e\000t\000a\000i\000l\000e\000d\000\040\000D\000e\000s\000c\000r\000i\000p\000t\000i\000o\000n}{subsection.7.16}
\BOOKMARK [3][-]{subsubsection.7.16.2}{\376\377\000F\000u\000n\000c\000t\000i\000o\000n\000\040\000D\000o\000c\000u\000m\000e\000n\000t\000a\000t\000i\000o\000n}{subsection.7.16}
\BOOKMARK [2][-]{subsection.7.17}{\376\377\000i\000n\000c\000l\000u\000d\000e\000/\000m\000a\000x\000-\000x\000d\000p\000-\000a\000d\000d\000.\000h\000h\000\040\000F\000i\000l\000e\000\040\000R\000e\000f\000e\000r\000e\000n\000c\000e}{section.7}
\BOOKMARK [3][-]{subsubsection.7.17.1}{\376\377\000D\000e\000t\000a\000i\000l\000e\000d\000\040\000D\000e\000s\000c\000r\000i\000p\000t\000i\000o\000n}{subsection.7.17}
\BOOKMARK [3][-]{subsubsection.7.17.2}{\376\377\000F\000u\000n\000c\000t\000i\000o\000n\000\040\000D\000o\000c\000u\000m\000e\000n\000t\000a\000t\000i\000o\000n}{subsection.7.17}
\BOOKMARK [2][-]{subsection.7.18}{\376\377\000i\000n\000c\000l\000u\000d\000e\000/\000t\000e\000a\000-\000a\000d\000d\000-\000d\000d\000t\000-\000s\000e\000a\000r\000c\000h\000.\000h\000h\000\040\000F\000i\000l\000e\000\040\000R\000e\000f\000e\000r\000e\000n\000c\000e}{section.7}
\BOOKMARK [3][-]{subsubsection.7.18.1}{\376\377\000D\000e\000t\000a\000i\000l\000e\000d\000\040\000D\000e\000s\000c\000r\000i\000p\000t\000i\000o\000n}{subsection.7.18}
\BOOKMARK [3][-]{subsubsection.7.18.2}{\376\377\000F\000u\000n\000c\000t\000i\000o\000n\000\040\000D\000o\000c\000u\000m\000e\000n\000t\000a\000t\000i\000o\000n}{subsection.7.18}
\BOOKMARK [2][-]{subsection.7.19}{\376\377\000i\000n\000c\000l\000u\000d\000e\000/\000t\000e\000a\000-\000a\000d\000d\000-\000t\000h\000r\000e\000s\000h\000o\000l\000d\000-\000s\000e\000a\000r\000c\000h\000.\000h\000h\000\040\000F\000i\000l\000e\000\040\000R\000e\000f\000e\000r\000e\000n\000c\000e}{section.7}
\BOOKMARK [3][-]{subsubsection.7.19.1}{\376\377\000D\000e\000t\000a\000i\000l\000e\000d\000\040\000D\000e\000s\000c\000r\000i\000p\000t\000i\000o\000n}{subsection.7.19}
\BOOKMARK [3][-]{subsubsection.7.19.2}{\376\377\000F\000u\000n\000c\000t\000i\000o\000n\000\040\000D\000o\000c\000u\000m\000e\000n\000t\000a\000t\000i\000o\000n}{subsection.7.19}
\BOOKMARK [2][-]{subsection.7.20}{\376\377\000i\000n\000c\000l\000u\000d\000e\000/\000t\000e\000a\000-\000f\000-\000a\000d\000d\000-\000p\000d\000d\000t\000.\000h\000h\000\040\000F\000i\000l\000e\000\040\000R\000e\000f\000e\000r\000e\000n\000c\000e}{section.7}
\BOOKMARK [3][-]{subsubsection.7.20.1}{\376\377\000D\000e\000t\000a\000i\000l\000e\000d\000\040\000D\000e\000s\000c\000r\000i\000p\000t\000i\000o\000n}{subsection.7.20}
\BOOKMARK [3][-]{subsubsection.7.20.2}{\376\377\000F\000u\000n\000c\000t\000i\000o\000n\000\040\000D\000o\000c\000u\000m\000e\000n\000t\000a\000t\000i\000o\000n}{subsection.7.20}
\BOOKMARK [2][-]{subsection.7.21}{\376\377\000i\000n\000c\000l\000u\000d\000e\000/\000t\000e\000a\000.\000h\000h\000\040\000F\000i\000l\000e\000\040\000R\000e\000f\000e\000r\000e\000n\000c\000e}{section.7}
\BOOKMARK [3][-]{subsubsection.7.21.1}{\376\377\000D\000e\000t\000a\000i\000l\000e\000d\000\040\000D\000e\000s\000c\000r\000i\000p\000t\000i\000o\000n}{subsection.7.21}
\BOOKMARK [3][-]{subsubsection.7.21.2}{\376\377\000D\000e\000f\000i\000n\000e\000\040\000D\000o\000c\000u\000m\000e\000n\000t\000a\000t\000i\000o\000n}{subsection.7.21}
\BOOKMARK [3][-]{subsubsection.7.21.3}{\376\377\000F\000u\000n\000c\000t\000i\000o\000n\000\040\000D\000o\000c\000u\000m\000e\000n\000t\000a\000t\000i\000o\000n}{subsection.7.21}
\BOOKMARK [2][-]{subsection.7.22}{\376\377\000i\000n\000c\000l\000u\000d\000e\000/\000x\000d\000p\000-\000a\000d\000d\000-\000p\000d\000d\000t\000.\000h\000h\000\040\000F\000i\000l\000e\000\040\000R\000e\000f\000e\000r\000e\000n\000c\000e}{section.7}
\BOOKMARK [3][-]{subsubsection.7.22.1}{\376\377\000D\000e\000t\000a\000i\000l\000e\000d\000\040\000D\000e\000s\000c\000r\000i\000p\000t\000i\000o\000n}{subsection.7.22}
\BOOKMARK [3][-]{subsubsection.7.22.2}{\376\377\000F\000u\000n\000c\000t\000i\000o\000n\000\040\000D\000o\000c\000u\000m\000e\000n\000t\000a\000t\000i\000o\000n}{subsection.7.22}
\BOOKMARK [2][-]{subsection.7.23}{\376\377\000i\000n\000c\000l\000u\000d\000e\000/\000x\000d\000p\000-\000a\000d\000d\000.\000h\000h\000\040\000F\000i\000l\000e\000\040\000R\000e\000f\000e\000r\000e\000n\000c\000e}{section.7}
\BOOKMARK [3][-]{subsubsection.7.23.1}{\376\377\000D\000e\000t\000a\000i\000l\000e\000d\000\040\000D\000e\000s\000c\000r\000i\000p\000t\000i\000o\000n}{subsection.7.23}
\BOOKMARK [3][-]{subsubsection.7.23.2}{\376\377\000D\000e\000f\000i\000n\000e\000\040\000D\000o\000c\000u\000m\000e\000n\000t\000a\000t\000i\000o\000n}{subsection.7.23}
\BOOKMARK [3][-]{subsubsection.7.23.3}{\376\377\000F\000u\000n\000c\000t\000i\000o\000n\000\040\000D\000o\000c\000u\000m\000e\000n\000t\000a\000t\000i\000o\000n}{subsection.7.23}
\BOOKMARK [2][-]{subsection.7.24}{\376\377\000i\000n\000c\000l\000u\000d\000e\000/\000x\000d\000p\000-\000t\000e\000a\000-\000f\000-\000f\000k\000.\000h\000h\000\040\000F\000i\000l\000e\000\040\000R\000e\000f\000e\000r\000e\000n\000c\000e}{section.7}
\BOOKMARK [3][-]{subsubsection.7.24.1}{\376\377\000D\000e\000t\000a\000i\000l\000e\000d\000\040\000D\000e\000s\000c\000r\000i\000p\000t\000i\000o\000n}{subsection.7.24}
\BOOKMARK [3][-]{subsubsection.7.24.2}{\376\377\000F\000u\000n\000c\000t\000i\000o\000n\000\040\000D\000o\000c\000u\000m\000e\000n\000t\000a\000t\000i\000o\000n}{subsection.7.24}
\BOOKMARK [2][-]{subsection.7.25}{\376\377\000i\000n\000c\000l\000u\000d\000e\000/\000x\000d\000p\000-\000x\000t\000e\000a\000-\000f\000-\000f\000k\000.\000h\000h\000\040\000F\000i\000l\000e\000\040\000R\000e\000f\000e\000r\000e\000n\000c\000e}{section.7}
\BOOKMARK [3][-]{subsubsection.7.25.1}{\376\377\000D\000e\000t\000a\000i\000l\000e\000d\000\040\000D\000e\000s\000c\000r\000i\000p\000t\000i\000o\000n}{subsection.7.25}
\BOOKMARK [3][-]{subsubsection.7.25.2}{\376\377\000F\000u\000n\000c\000t\000i\000o\000n\000\040\000D\000o\000c\000u\000m\000e\000n\000t\000a\000t\000i\000o\000n}{subsection.7.25}
\BOOKMARK [2][-]{subsection.7.26}{\376\377\000i\000n\000c\000l\000u\000d\000e\000/\000x\000t\000e\000a\000-\000a\000d\000d\000-\000t\000h\000r\000e\000s\000h\000o\000l\000d\000-\000s\000e\000a\000r\000c\000h\000.\000h\000h\000\040\000F\000i\000l\000e\000\040\000R\000e\000f\000e\000r\000e\000n\000c\000e}{section.7}
\BOOKMARK [3][-]{subsubsection.7.26.1}{\376\377\000D\000e\000t\000a\000i\000l\000e\000d\000\040\000D\000e\000s\000c\000r\000i\000p\000t\000i\000o\000n}{subsection.7.26}
\BOOKMARK [3][-]{subsubsection.7.26.2}{\376\377\000F\000u\000n\000c\000t\000i\000o\000n\000\040\000D\000o\000c\000u\000m\000e\000n\000t\000a\000t\000i\000o\000n}{subsection.7.26}
\BOOKMARK [2][-]{subsection.7.27}{\376\377\000i\000n\000c\000l\000u\000d\000e\000/\000x\000t\000e\000a\000-\000f\000-\000a\000d\000d\000-\000p\000d\000d\000t\000.\000h\000h\000\040\000F\000i\000l\000e\000\040\000R\000e\000f\000e\000r\000e\000n\000c\000e}{section.7}
\BOOKMARK [3][-]{subsubsection.7.27.1}{\376\377\000D\000e\000t\000a\000i\000l\000e\000d\000\040\000D\000e\000s\000c\000r\000i\000p\000t\000i\000o\000n}{subsection.7.27}
\BOOKMARK [3][-]{subsubsection.7.27.2}{\376\377\000F\000u\000n\000c\000t\000i\000o\000n\000\040\000D\000o\000c\000u\000m\000e\000n\000t\000a\000t\000i\000o\000n}{subsection.7.27}
\BOOKMARK [2][-]{subsection.7.28}{\376\377\000i\000n\000c\000l\000u\000d\000e\000/\000x\000t\000e\000a\000-\000f\000-\000x\000o\000r\000-\000p\000d\000d\000t\000.\000h\000h\000\040\000F\000i\000l\000e\000\040\000R\000e\000f\000e\000r\000e\000n\000c\000e}{section.7}
\BOOKMARK [3][-]{subsubsection.7.28.1}{\376\377\000D\000e\000t\000a\000i\000l\000e\000d\000\040\000D\000e\000s\000c\000r\000i\000p\000t\000i\000o\000n}{subsection.7.28}
\BOOKMARK [3][-]{subsubsection.7.28.2}{\376\377\000F\000u\000n\000c\000t\000i\000o\000n\000\040\000D\000o\000c\000u\000m\000e\000n\000t\000a\000t\000i\000o\000n}{subsection.7.28}
\BOOKMARK [2][-]{subsection.7.29}{\376\377\000i\000n\000c\000l\000u\000d\000e\000/\000x\000t\000e\000a\000-\000x\000o\000r\000-\000t\000h\000r\000e\000s\000h\000o\000l\000d\000-\000s\000e\000a\000r\000c\000h\000.\000h\000h\000\040\000F\000i\000l\000e\000\040\000R\000e\000f\000e\000r\000e\000n\000c\000e}{section.7}
\BOOKMARK [3][-]{subsubsection.7.29.1}{\376\377\000D\000e\000t\000a\000i\000l\000e\000d\000\040\000D\000e\000s\000c\000r\000i\000p\000t\000i\000o\000n}{subsection.7.29}
\BOOKMARK [3][-]{subsubsection.7.29.2}{\376\377\000F\000u\000n\000c\000t\000i\000o\000n\000\040\000D\000o\000c\000u\000m\000e\000n\000t\000a\000t\000i\000o\000n}{subsection.7.29}
\BOOKMARK [2][-]{subsection.7.30}{\376\377\000i\000n\000c\000l\000u\000d\000e\000/\000x\000t\000e\000a\000.\000h\000h\000\040\000F\000i\000l\000e\000\040\000R\000e\000f\000e\000r\000e\000n\000c\000e}{section.7}
\BOOKMARK [3][-]{subsubsection.7.30.1}{\376\377\000D\000e\000t\000a\000i\000l\000e\000d\000\040\000D\000e\000s\000c\000r\000i\000p\000t\000i\000o\000n}{subsection.7.30}
\BOOKMARK [3][-]{subsubsection.7.30.2}{\376\377\000D\000e\000f\000i\000n\000e\000\040\000D\000o\000c\000u\000m\000e\000n\000t\000a\000t\000i\000o\000n}{subsection.7.30}
\BOOKMARK [3][-]{subsubsection.7.30.3}{\376\377\000F\000u\000n\000c\000t\000i\000o\000n\000\040\000D\000o\000c\000u\000m\000e\000n\000t\000a\000t\000i\000o\000n}{subsection.7.30}
\BOOKMARK [2][-]{subsection.7.31}{\376\377\000s\000r\000c\000/\000a\000d\000p\000-\000l\000s\000h\000-\000p\000r\000o\000g\000r\000a\000m\000.\000c\000c\000\040\000F\000i\000l\000e\000\040\000R\000e\000f\000e\000r\000e\000n\000c\000e}{section.7}
\BOOKMARK [3][-]{subsubsection.7.31.1}{\376\377\000D\000e\000t\000a\000i\000l\000e\000d\000\040\000D\000e\000s\000c\000r\000i\000p\000t\000i\000o\000n}{subsection.7.31}
\BOOKMARK [3][-]{subsubsection.7.31.2}{\376\377\000F\000u\000n\000c\000t\000i\000o\000n\000\040\000D\000o\000c\000u\000m\000e\000n\000t\000a\000t\000i\000o\000n}{subsection.7.31}
\BOOKMARK [2][-]{subsection.7.32}{\376\377\000s\000r\000c\000/\000a\000d\000p\000-\000r\000s\000h\000-\000p\000r\000o\000g\000r\000a\000m\000.\000c\000c\000\040\000F\000i\000l\000e\000\040\000R\000e\000f\000e\000r\000e\000n\000c\000e}{section.7}
\BOOKMARK [3][-]{subsubsection.7.32.1}{\376\377\000D\000e\000t\000a\000i\000l\000e\000d\000\040\000D\000e\000s\000c\000r\000i\000p\000t\000i\000o\000n}{subsection.7.32}
\BOOKMARK [3][-]{subsubsection.7.32.2}{\376\377\000F\000u\000n\000c\000t\000i\000o\000n\000\040\000D\000o\000c\000u\000m\000e\000n\000t\000a\000t\000i\000o\000n}{subsection.7.32}
\BOOKMARK [2][-]{subsection.7.33}{\376\377\000s\000r\000c\000/\000a\000d\000p\000-\000r\000s\000h\000-\000x\000o\000r\000.\000c\000c\000\040\000F\000i\000l\000e\000\040\000R\000e\000f\000e\000r\000e\000n\000c\000e}{section.7}
\BOOKMARK [3][-]{subsubsection.7.33.1}{\376\377\000D\000e\000t\000a\000i\000l\000e\000d\000\040\000D\000e\000s\000c\000r\000i\000p\000t\000i\000o\000n}{subsection.7.33}
\BOOKMARK [3][-]{subsubsection.7.33.2}{\376\377\000F\000u\000n\000c\000t\000i\000o\000n\000\040\000D\000o\000c\000u\000m\000e\000n\000t\000a\000t\000i\000o\000n}{subsection.7.33}
\BOOKMARK [2][-]{subsection.7.34}{\376\377\000s\000r\000c\000/\000a\000d\000p\000-\000s\000h\000i\000f\000t\000.\000c\000c\000\040\000F\000i\000l\000e\000\040\000R\000e\000f\000e\000r\000e\000n\000c\000e}{section.7}
\BOOKMARK [3][-]{subsubsection.7.34.1}{\376\377\000D\000e\000t\000a\000i\000l\000e\000d\000\040\000D\000e\000s\000c\000r\000i\000p\000t\000i\000o\000n}{subsection.7.34}
\BOOKMARK [3][-]{subsubsection.7.34.2}{\376\377\000F\000u\000n\000c\000t\000i\000o\000n\000\040\000D\000o\000c\000u\000m\000e\000n\000t\000a\000t\000i\000o\000n}{subsection.7.34}
\BOOKMARK [2][-]{subsection.7.35}{\376\377\000s\000r\000c\000/\000a\000d\000p\000-\000t\000e\000a\000-\000f\000-\000f\000k\000-\000d\000d\000t\000.\000c\000c\000\040\000F\000i\000l\000e\000\040\000R\000e\000f\000e\000r\000e\000n\000c\000e}{section.7}
\BOOKMARK [3][-]{subsubsection.7.35.1}{\376\377\000D\000e\000t\000a\000i\000l\000e\000d\000\040\000D\000e\000s\000c\000r\000i\000p\000t\000i\000o\000n}{subsection.7.35}
\BOOKMARK [3][-]{subsubsection.7.35.2}{\376\377\000F\000u\000n\000c\000t\000i\000o\000n\000\040\000D\000o\000c\000u\000m\000e\000n\000t\000a\000t\000i\000o\000n}{subsection.7.35}
\BOOKMARK [2][-]{subsection.7.36}{\376\377\000s\000r\000c\000/\000a\000d\000p\000-\000t\000e\000a\000-\000f\000-\000f\000k\000-\000n\000o\000s\000h\000i\000f\000t\000.\000c\000c\000\040\000F\000i\000l\000e\000\040\000R\000e\000f\000e\000r\000e\000n\000c\000e}{section.7}
\BOOKMARK [3][-]{subsubsection.7.36.1}{\376\377\000D\000e\000t\000a\000i\000l\000e\000d\000\040\000D\000e\000s\000c\000r\000i\000p\000t\000i\000o\000n}{subsection.7.36}
\BOOKMARK [3][-]{subsubsection.7.36.2}{\376\377\000F\000u\000n\000c\000t\000i\000o\000n\000\040\000D\000o\000c\000u\000m\000e\000n\000t\000a\000t\000i\000o\000n}{subsection.7.36}
\BOOKMARK [2][-]{subsection.7.37}{\376\377\000s\000r\000c\000/\000a\000d\000p\000-\000t\000e\000a\000-\000f\000-\000f\000k\000.\000c\000c\000\040\000F\000i\000l\000e\000\040\000R\000e\000f\000e\000r\000e\000n\000c\000e}{section.7}
\BOOKMARK [3][-]{subsubsection.7.37.1}{\376\377\000D\000e\000t\000a\000i\000l\000e\000d\000\040\000D\000e\000s\000c\000r\000i\000p\000t\000i\000o\000n}{subsection.7.37}
\BOOKMARK [3][-]{subsubsection.7.37.2}{\376\377\000F\000u\000n\000c\000t\000i\000o\000n\000\040\000D\000o\000c\000u\000m\000e\000n\000t\000a\000t\000i\000o\000n}{subsection.7.37}
\BOOKMARK [2][-]{subsection.7.38}{\376\377\000s\000r\000c\000/\000a\000d\000p\000-\000x\000o\000r\000-\000f\000i\000-\000p\000r\000o\000g\000r\000a\000m\000.\000c\000c\000\040\000F\000i\000l\000e\000\040\000R\000e\000f\000e\000r\000e\000n\000c\000e}{section.7}
\BOOKMARK [3][-]{subsubsection.7.38.1}{\376\377\000D\000e\000t\000a\000i\000l\000e\000d\000\040\000D\000e\000s\000c\000r\000i\000p\000t\000i\000o\000n}{subsection.7.38}
\BOOKMARK [3][-]{subsubsection.7.38.2}{\376\377\000F\000u\000n\000c\000t\000i\000o\000n\000\040\000D\000o\000c\000u\000m\000e\000n\000t\000a\000t\000i\000o\000n}{subsection.7.38}
\BOOKMARK [2][-]{subsection.7.39}{\376\377\000s\000r\000c\000/\000a\000d\000p\000-\000x\000o\000r\000-\000f\000i\000.\000c\000c\000\040\000F\000i\000l\000e\000\040\000R\000e\000f\000e\000r\000e\000n\000c\000e}{section.7}
\BOOKMARK [3][-]{subsubsection.7.39.1}{\376\377\000D\000e\000t\000a\000i\000l\000e\000d\000\040\000D\000e\000s\000c\000r\000i\000p\000t\000i\000o\000n}{subsection.7.39}
\BOOKMARK [3][-]{subsubsection.7.39.2}{\376\377\000F\000u\000n\000c\000t\000i\000o\000n\000\040\000D\000o\000c\000u\000m\000e\000n\000t\000a\000t\000i\000o\000n}{subsection.7.39}
\BOOKMARK [2][-]{subsection.7.40}{\376\377\000s\000r\000c\000/\000a\000d\000p\000-\000x\000o\000r\000-\000p\000d\000d\000t\000.\000c\000c\000\040\000F\000i\000l\000e\000\040\000R\000e\000f\000e\000r\000e\000n\000c\000e}{section.7}
\BOOKMARK [3][-]{subsubsection.7.40.1}{\376\377\000D\000e\000t\000a\000i\000l\000e\000d\000\040\000D\000e\000s\000c\000r\000i\000p\000t\000i\000o\000n}{subsection.7.40}
\BOOKMARK [3][-]{subsubsection.7.40.2}{\376\377\000F\000u\000n\000c\000t\000i\000o\000n\000\040\000D\000o\000c\000u\000m\000e\000n\000t\000a\000t\000i\000o\000n}{subsection.7.40}
\BOOKMARK [2][-]{subsection.7.41}{\376\377\000s\000r\000c\000/\000a\000d\000p\000-\000x\000o\000r\000-\000p\000r\000o\000g\000r\000a\000m\000.\000c\000c\000\040\000F\000i\000l\000e\000\040\000R\000e\000f\000e\000r\000e\000n\000c\000e}{section.7}
\BOOKMARK [3][-]{subsubsection.7.41.1}{\376\377\000D\000e\000t\000a\000i\000l\000e\000d\000\040\000D\000e\000s\000c\000r\000i\000p\000t\000i\000o\000n}{subsection.7.41}
\BOOKMARK [3][-]{subsubsection.7.41.2}{\376\377\000F\000u\000n\000c\000t\000i\000o\000n\000\040\000D\000o\000c\000u\000m\000e\000n\000t\000a\000t\000i\000o\000n}{subsection.7.41}
\BOOKMARK [2][-]{subsection.7.42}{\376\377\000s\000r\000c\000/\000a\000d\000p\000-\000x\000o\000r\000.\000c\000c\000\040\000F\000i\000l\000e\000\040\000R\000e\000f\000e\000r\000e\000n\000c\000e}{section.7}
\BOOKMARK [3][-]{subsubsection.7.42.1}{\376\377\000D\000e\000t\000a\000i\000l\000e\000d\000\040\000D\000e\000s\000c\000r\000i\000p\000t\000i\000o\000n}{subsection.7.42}
\BOOKMARK [3][-]{subsubsection.7.42.2}{\376\377\000F\000u\000n\000c\000t\000i\000o\000n\000\040\000D\000o\000c\000u\000m\000e\000n\000t\000a\000t\000i\000o\000n}{subsection.7.42}
\BOOKMARK [2][-]{subsection.7.43}{\376\377\000s\000r\000c\000/\000a\000d\000p\000-\000x\000o\000r\0003\000-\000p\000r\000o\000g\000r\000a\000m\000.\000c\000c\000\040\000F\000i\000l\000e\000\040\000R\000e\000f\000e\000r\000e\000n\000c\000e}{section.7}
\BOOKMARK [3][-]{subsubsection.7.43.1}{\376\377\000D\000e\000t\000a\000i\000l\000e\000d\000\040\000D\000e\000s\000c\000r\000i\000p\000t\000i\000o\000n}{subsection.7.43}
\BOOKMARK [3][-]{subsubsection.7.43.2}{\376\377\000F\000u\000n\000c\000t\000i\000o\000n\000\040\000D\000o\000c\000u\000m\000e\000n\000t\000a\000t\000i\000o\000n}{subsection.7.43}
\BOOKMARK [2][-]{subsection.7.44}{\376\377\000s\000r\000c\000/\000a\000d\000p\000-\000x\000o\000r\0003\000.\000c\000c\000\040\000F\000i\000l\000e\000\040\000R\000e\000f\000e\000r\000e\000n\000c\000e}{section.7}
\BOOKMARK [3][-]{subsubsection.7.44.1}{\376\377\000D\000e\000t\000a\000i\000l\000e\000d\000\040\000D\000e\000s\000c\000r\000i\000p\000t\000i\000o\000n}{subsection.7.44}
\BOOKMARK [3][-]{subsubsection.7.44.2}{\376\377\000F\000u\000n\000c\000t\000i\000o\000n\000\040\000D\000o\000c\000u\000m\000e\000n\000t\000a\000t\000i\000o\000n}{subsection.7.44}
\BOOKMARK [2][-]{subsection.7.45}{\376\377\000s\000r\000c\000/\000a\000d\000p\000-\000x\000t\000e\000a\000-\000f\000-\000f\000k\000.\000c\000c\000\040\000F\000i\000l\000e\000\040\000R\000e\000f\000e\000r\000e\000n\000c\000e}{section.7}
\BOOKMARK [3][-]{subsubsection.7.45.1}{\376\377\000D\000e\000t\000a\000i\000l\000e\000d\000\040\000D\000e\000s\000c\000r\000i\000p\000t\000i\000o\000n}{subsection.7.45}
\BOOKMARK [3][-]{subsubsection.7.45.2}{\376\377\000F\000u\000n\000c\000t\000i\000o\000n\000\040\000D\000o\000c\000u\000m\000e\000n\000t\000a\000t\000i\000o\000n}{subsection.7.45}
\BOOKMARK [2][-]{subsection.7.46}{\376\377\000s\000r\000c\000/\000c\000o\000m\000m\000o\000n\000.\000c\000c\000\040\000F\000i\000l\000e\000\040\000R\000e\000f\000e\000r\000e\000n\000c\000e}{section.7}
\BOOKMARK [3][-]{subsubsection.7.46.1}{\376\377\000D\000e\000t\000a\000i\000l\000e\000d\000\040\000D\000e\000s\000c\000r\000i\000p\000t\000i\000o\000n}{subsection.7.46}
\BOOKMARK [3][-]{subsubsection.7.46.2}{\376\377\000F\000u\000n\000c\000t\000i\000o\000n\000\040\000D\000o\000c\000u\000m\000e\000n\000t\000a\000t\000i\000o\000n}{subsection.7.46}
\BOOKMARK [2][-]{subsection.7.47}{\376\377\000s\000r\000c\000/\000e\000a\000d\000p\000-\000t\000e\000a\000-\000f\000-\000p\000r\000o\000g\000r\000a\000m\000.\000c\000c\000\040\000F\000i\000l\000e\000\040\000R\000e\000f\000e\000r\000e\000n\000c\000e}{section.7}
\BOOKMARK [3][-]{subsubsection.7.47.1}{\376\377\000D\000e\000t\000a\000i\000l\000e\000d\000\040\000D\000e\000s\000c\000r\000i\000p\000t\000i\000o\000n}{subsection.7.47}
\BOOKMARK [3][-]{subsubsection.7.47.2}{\376\377\000F\000u\000n\000c\000t\000i\000o\000n\000\040\000D\000o\000c\000u\000m\000e\000n\000t\000a\000t\000i\000o\000n}{subsection.7.47}
\BOOKMARK [2][-]{subsection.7.48}{\376\377\000s\000r\000c\000/\000e\000a\000d\000p\000-\000t\000e\000a\000-\000f\000.\000c\000c\000\040\000F\000i\000l\000e\000\040\000R\000e\000f\000e\000r\000e\000n\000c\000e}{section.7}
\BOOKMARK [3][-]{subsubsection.7.48.1}{\376\377\000D\000e\000t\000a\000i\000l\000e\000d\000\040\000D\000e\000s\000c\000r\000i\000p\000t\000i\000o\000n}{subsection.7.48}
\BOOKMARK [3][-]{subsubsection.7.48.2}{\376\377\000F\000u\000n\000c\000t\000i\000o\000n\000\040\000D\000o\000c\000u\000m\000e\000n\000t\000a\000t\000i\000o\000n}{subsection.7.48}
\BOOKMARK [2][-]{subsection.7.49}{\376\377\000s\000r\000c\000/\000m\000a\000x\000-\000a\000d\000p\000-\000x\000o\000r\000-\000f\000i\000-\000p\000r\000o\000g\000r\000a\000m\000.\000c\000c\000\040\000F\000i\000l\000e\000\040\000R\000e\000f\000e\000r\000e\000n\000c\000e}{section.7}
\BOOKMARK [3][-]{subsubsection.7.49.1}{\376\377\000D\000e\000t\000a\000i\000l\000e\000d\000\040\000D\000e\000s\000c\000r\000i\000p\000t\000i\000o\000n}{subsection.7.49}
\BOOKMARK [3][-]{subsubsection.7.49.2}{\376\377\000F\000u\000n\000c\000t\000i\000o\000n\000\040\000D\000o\000c\000u\000m\000e\000n\000t\000a\000t\000i\000o\000n}{subsection.7.49}
\BOOKMARK [2][-]{subsection.7.50}{\376\377\000s\000r\000c\000/\000m\000a\000x\000-\000a\000d\000p\000-\000x\000o\000r\000-\000f\000i\000.\000c\000c\000\040\000F\000i\000l\000e\000\040\000R\000e\000f\000e\000r\000e\000n\000c\000e}{section.7}
\BOOKMARK [3][-]{subsubsection.7.50.1}{\376\377\000D\000e\000t\000a\000i\000l\000e\000d\000\040\000D\000e\000s\000c\000r\000i\000p\000t\000i\000o\000n}{subsection.7.50}
\BOOKMARK [3][-]{subsubsection.7.50.2}{\376\377\000F\000u\000n\000c\000t\000i\000o\000n\000\040\000D\000o\000c\000u\000m\000e\000n\000t\000a\000t\000i\000o\000n}{subsection.7.50}
\BOOKMARK [2][-]{subsection.7.51}{\376\377\000s\000r\000c\000/\000m\000a\000x\000-\000a\000d\000p\000-\000x\000o\000r\000-\000p\000r\000o\000g\000r\000a\000m\000.\000c\000c\000\040\000F\000i\000l\000e\000\040\000R\000e\000f\000e\000r\000e\000n\000c\000e}{section.7}
\BOOKMARK [3][-]{subsubsection.7.51.1}{\376\377\000D\000e\000t\000a\000i\000l\000e\000d\000\040\000D\000e\000s\000c\000r\000i\000p\000t\000i\000o\000n}{subsection.7.51}
\BOOKMARK [3][-]{subsubsection.7.51.2}{\376\377\000F\000u\000n\000c\000t\000i\000o\000n\000\040\000D\000o\000c\000u\000m\000e\000n\000t\000a\000t\000i\000o\000n}{subsection.7.51}
\BOOKMARK [2][-]{subsection.7.52}{\376\377\000s\000r\000c\000/\000m\000a\000x\000-\000a\000d\000p\000-\000x\000o\000r\000.\000c\000c\000\040\000F\000i\000l\000e\000\040\000R\000e\000f\000e\000r\000e\000n\000c\000e}{section.7}
\BOOKMARK [3][-]{subsubsection.7.52.1}{\376\377\000D\000e\000t\000a\000i\000l\000e\000d\000\040\000D\000e\000s\000c\000r\000i\000p\000t\000i\000o\000n}{subsection.7.52}
\BOOKMARK [3][-]{subsubsection.7.52.2}{\376\377\000F\000u\000n\000c\000t\000i\000o\000n\000\040\000D\000o\000c\000u\000m\000e\000n\000t\000a\000t\000i\000o\000n}{subsection.7.52}
\BOOKMARK [2][-]{subsection.7.53}{\376\377\000s\000r\000c\000/\000m\000a\000x\000-\000a\000d\000p\000-\000x\000o\000r\0003\000-\000p\000r\000o\000g\000r\000a\000m\000.\000c\000c\000\040\000F\000i\000l\000e\000\040\000R\000e\000f\000e\000r\000e\000n\000c\000e}{section.7}
\BOOKMARK [3][-]{subsubsection.7.53.1}{\376\377\000D\000e\000t\000a\000i\000l\000e\000d\000\040\000D\000e\000s\000c\000r\000i\000p\000t\000i\000o\000n}{subsection.7.53}
\BOOKMARK [3][-]{subsubsection.7.53.2}{\376\377\000F\000u\000n\000c\000t\000i\000o\000n\000\040\000D\000o\000c\000u\000m\000e\000n\000t\000a\000t\000i\000o\000n}{subsection.7.53}
\BOOKMARK [2][-]{subsection.7.54}{\376\377\000s\000r\000c\000/\000m\000a\000x\000-\000a\000d\000p\000-\000x\000o\000r\0003\000-\000s\000e\000t\000.\000c\000c\000\040\000F\000i\000l\000e\000\040\000R\000e\000f\000e\000r\000e\000n\000c\000e}{section.7}
\BOOKMARK [3][-]{subsubsection.7.54.1}{\376\377\000D\000e\000t\000a\000i\000l\000e\000d\000\040\000D\000e\000s\000c\000r\000i\000p\000t\000i\000o\000n}{subsection.7.54}
\BOOKMARK [3][-]{subsubsection.7.54.2}{\376\377\000F\000u\000n\000c\000t\000i\000o\000n\000\040\000D\000o\000c\000u\000m\000e\000n\000t\000a\000t\000i\000o\000n}{subsection.7.54}
\BOOKMARK [2][-]{subsection.7.55}{\376\377\000s\000r\000c\000/\000m\000a\000x\000-\000a\000d\000p\000-\000x\000o\000r\0003\000.\000c\000c\000\040\000F\000i\000l\000e\000\040\000R\000e\000f\000e\000r\000e\000n\000c\000e}{section.7}
\BOOKMARK [3][-]{subsubsection.7.55.1}{\376\377\000D\000e\000t\000a\000i\000l\000e\000d\000\040\000D\000e\000s\000c\000r\000i\000p\000t\000i\000o\000n}{subsection.7.55}
\BOOKMARK [3][-]{subsubsection.7.55.2}{\376\377\000F\000u\000n\000c\000t\000i\000o\000n\000\040\000D\000o\000c\000u\000m\000e\000n\000t\000a\000t\000i\000o\000n}{subsection.7.55}
\BOOKMARK [2][-]{subsection.7.56}{\376\377\000s\000r\000c\000/\000m\000a\000x\000-\000e\000a\000d\000p\000-\000t\000e\000a\000-\000f\000-\000p\000r\000o\000g\000r\000a\000m\000.\000c\000c\000\040\000F\000i\000l\000e\000\040\000R\000e\000f\000e\000r\000e\000n\000c\000e}{section.7}
\BOOKMARK [3][-]{subsubsection.7.56.1}{\376\377\000D\000e\000t\000a\000i\000l\000e\000d\000\040\000D\000e\000s\000c\000r\000i\000p\000t\000i\000o\000n}{subsection.7.56}
\BOOKMARK [3][-]{subsubsection.7.56.2}{\376\377\000F\000u\000n\000c\000t\000i\000o\000n\000\040\000D\000o\000c\000u\000m\000e\000n\000t\000a\000t\000i\000o\000n}{subsection.7.56}
\BOOKMARK [2][-]{subsection.7.57}{\376\377\000s\000r\000c\000/\000m\000a\000x\000-\000x\000d\000p\000-\000a\000d\000d\000-\000p\000r\000o\000g\000r\000a\000m\000.\000c\000c\000\040\000F\000i\000l\000e\000\040\000R\000e\000f\000e\000r\000e\000n\000c\000e}{section.7}
\BOOKMARK [3][-]{subsubsection.7.57.1}{\376\377\000D\000e\000t\000a\000i\000l\000e\000d\000\040\000D\000e\000s\000c\000r\000i\000p\000t\000i\000o\000n}{subsection.7.57}
\BOOKMARK [3][-]{subsubsection.7.57.2}{\376\377\000F\000u\000n\000c\000t\000i\000o\000n\000\040\000D\000o\000c\000u\000m\000e\000n\000t\000a\000t\000i\000o\000n}{subsection.7.57}
\BOOKMARK [2][-]{subsection.7.58}{\376\377\000s\000r\000c\000/\000m\000a\000x\000-\000x\000d\000p\000-\000a\000d\000d\000.\000c\000c\000\040\000F\000i\000l\000e\000\040\000R\000e\000f\000e\000r\000e\000n\000c\000e}{section.7}
\BOOKMARK [3][-]{subsubsection.7.58.1}{\376\377\000D\000e\000t\000a\000i\000l\000e\000d\000\040\000D\000e\000s\000c\000r\000i\000p\000t\000i\000o\000n}{subsection.7.58}
\BOOKMARK [3][-]{subsubsection.7.58.2}{\376\377\000F\000u\000n\000c\000t\000i\000o\000n\000\040\000D\000o\000c\000u\000m\000e\000n\000t\000a\000t\000i\000o\000n}{subsection.7.58}
\BOOKMARK [2][-]{subsection.7.59}{\376\377\000s\000r\000c\000/\000t\000e\000a\000-\000a\000d\000d\000-\000d\000d\000t\000-\000s\000e\000a\000r\000c\000h\000.\000c\000c\000\040\000F\000i\000l\000e\000\040\000R\000e\000f\000e\000r\000e\000n\000c\000e}{section.7}
\BOOKMARK [3][-]{subsubsection.7.59.1}{\376\377\000D\000e\000t\000a\000i\000l\000e\000d\000\040\000D\000e\000s\000c\000r\000i\000p\000t\000i\000o\000n}{subsection.7.59}
\BOOKMARK [3][-]{subsubsection.7.59.2}{\376\377\000F\000u\000n\000c\000t\000i\000o\000n\000\040\000D\000o\000c\000u\000m\000e\000n\000t\000a\000t\000i\000o\000n}{subsection.7.59}
\BOOKMARK [2][-]{subsection.7.60}{\376\377\000s\000r\000c\000/\000t\000e\000a\000-\000a\000d\000d\000-\000t\000h\000r\000e\000s\000h\000o\000l\000d\000-\000s\000e\000a\000r\000c\000h\000.\000c\000c\000\040\000F\000i\000l\000e\000\040\000R\000e\000f\000e\000r\000e\000n\000c\000e}{section.7}
\BOOKMARK [3][-]{subsubsection.7.60.1}{\376\377\000D\000e\000t\000a\000i\000l\000e\000d\000\040\000D\000e\000s\000c\000r\000i\000p\000t\000i\000o\000n}{subsection.7.60}
\BOOKMARK [3][-]{subsubsection.7.60.2}{\376\377\000F\000u\000n\000c\000t\000i\000o\000n\000\040\000D\000o\000c\000u\000m\000e\000n\000t\000a\000t\000i\000o\000n}{subsection.7.60}
\BOOKMARK [2][-]{subsection.7.61}{\376\377\000s\000r\000c\000/\000t\000e\000a\000-\000f\000-\000a\000d\000d\000-\000p\000d\000d\000t\000.\000c\000c\000\040\000F\000i\000l\000e\000\040\000R\000e\000f\000e\000r\000e\000n\000c\000e}{section.7}
\BOOKMARK [3][-]{subsubsection.7.61.1}{\376\377\000D\000e\000t\000a\000i\000l\000e\000d\000\040\000D\000e\000s\000c\000r\000i\000p\000t\000i\000o\000n}{subsection.7.61}
\BOOKMARK [3][-]{subsubsection.7.61.2}{\376\377\000F\000u\000n\000c\000t\000i\000o\000n\000\040\000D\000o\000c\000u\000m\000e\000n\000t\000a\000t\000i\000o\000n}{subsection.7.61}
\BOOKMARK [2][-]{subsection.7.62}{\376\377\000s\000r\000c\000/\000t\000e\000a\000.\000c\000c\000\040\000F\000i\000l\000e\000\040\000R\000e\000f\000e\000r\000e\000n\000c\000e}{section.7}
\BOOKMARK [3][-]{subsubsection.7.62.1}{\376\377\000D\000e\000t\000a\000i\000l\000e\000d\000\040\000D\000e\000s\000c\000r\000i\000p\000t\000i\000o\000n}{subsection.7.62}
\BOOKMARK [3][-]{subsubsection.7.62.2}{\376\377\000F\000u\000n\000c\000t\000i\000o\000n\000\040\000D\000o\000c\000u\000m\000e\000n\000t\000a\000t\000i\000o\000n}{subsection.7.62}
\BOOKMARK [2][-]{subsection.7.63}{\376\377\000s\000r\000c\000/\000x\000d\000p\000-\000a\000d\000d\000-\000p\000d\000d\000t\000.\000c\000c\000\040\000F\000i\000l\000e\000\040\000R\000e\000f\000e\000r\000e\000n\000c\000e}{section.7}
\BOOKMARK [3][-]{subsubsection.7.63.1}{\376\377\000D\000e\000t\000a\000i\000l\000e\000d\000\040\000D\000e\000s\000c\000r\000i\000p\000t\000i\000o\000n}{subsection.7.63}
\BOOKMARK [3][-]{subsubsection.7.63.2}{\376\377\000F\000u\000n\000c\000t\000i\000o\000n\000\040\000D\000o\000c\000u\000m\000e\000n\000t\000a\000t\000i\000o\000n}{subsection.7.63}
\BOOKMARK [2][-]{subsection.7.64}{\376\377\000s\000r\000c\000/\000x\000d\000p\000-\000a\000d\000d\000-\000p\000r\000o\000g\000r\000a\000m\000.\000c\000c\000\040\000F\000i\000l\000e\000\040\000R\000e\000f\000e\000r\000e\000n\000c\000e}{section.7}
\BOOKMARK [3][-]{subsubsection.7.64.1}{\376\377\000D\000e\000t\000a\000i\000l\000e\000d\000\040\000D\000e\000s\000c\000r\000i\000p\000t\000i\000o\000n}{subsection.7.64}
\BOOKMARK [3][-]{subsubsection.7.64.2}{\376\377\000F\000u\000n\000c\000t\000i\000o\000n\000\040\000D\000o\000c\000u\000m\000e\000n\000t\000a\000t\000i\000o\000n}{subsection.7.64}
\BOOKMARK [2][-]{subsection.7.65}{\376\377\000s\000r\000c\000/\000x\000d\000p\000-\000a\000d\000d\000.\000c\000c\000\040\000F\000i\000l\000e\000\040\000R\000e\000f\000e\000r\000e\000n\000c\000e}{section.7}
\BOOKMARK [3][-]{subsubsection.7.65.1}{\376\377\000D\000e\000t\000a\000i\000l\000e\000d\000\040\000D\000e\000s\000c\000r\000i\000p\000t\000i\000o\000n}{subsection.7.65}
\BOOKMARK [3][-]{subsubsection.7.65.2}{\376\377\000F\000u\000n\000c\000t\000i\000o\000n\000\040\000D\000o\000c\000u\000m\000e\000n\000t\000a\000t\000i\000o\000n}{subsection.7.65}
\BOOKMARK [2][-]{subsection.7.66}{\376\377\000s\000r\000c\000/\000x\000d\000p\000-\000t\000e\000a\000-\000f\000-\000f\000k\000.\000c\000c\000\040\000F\000i\000l\000e\000\040\000R\000e\000f\000e\000r\000e\000n\000c\000e}{section.7}
\BOOKMARK [3][-]{subsubsection.7.66.1}{\376\377\000D\000e\000t\000a\000i\000l\000e\000d\000\040\000D\000e\000s\000c\000r\000i\000p\000t\000i\000o\000n}{subsection.7.66}
\BOOKMARK [3][-]{subsubsection.7.66.2}{\376\377\000F\000u\000n\000c\000t\000i\000o\000n\000\040\000D\000o\000c\000u\000m\000e\000n\000t\000a\000t\000i\000o\000n}{subsection.7.66}
\BOOKMARK [2][-]{subsection.7.67}{\376\377\000s\000r\000c\000/\000x\000d\000p\000-\000x\000t\000e\000a\000-\000f\000-\000f\000k\000.\000c\000c\000\040\000F\000i\000l\000e\000\040\000R\000e\000f\000e\000r\000e\000n\000c\000e}{section.7}
\BOOKMARK [3][-]{subsubsection.7.67.1}{\376\377\000D\000e\000t\000a\000i\000l\000e\000d\000\040\000D\000e\000s\000c\000r\000i\000p\000t\000i\000o\000n}{subsection.7.67}
\BOOKMARK [3][-]{subsubsection.7.67.2}{\376\377\000F\000u\000n\000c\000t\000i\000o\000n\000\040\000D\000o\000c\000u\000m\000e\000n\000t\000a\000t\000i\000o\000n}{subsection.7.67}
\BOOKMARK [2][-]{subsection.7.68}{\376\377\000s\000r\000c\000/\000x\000t\000e\000a\000-\000a\000d\000d\000-\000t\000h\000r\000e\000s\000h\000o\000l\000d\000-\000s\000e\000a\000r\000c\000h\000.\000c\000c\000\040\000F\000i\000l\000e\000\040\000R\000e\000f\000e\000r\000e\000n\000c\000e}{section.7}
\BOOKMARK [3][-]{subsubsection.7.68.1}{\376\377\000D\000e\000t\000a\000i\000l\000e\000d\000\040\000D\000e\000s\000c\000r\000i\000p\000t\000i\000o\000n}{subsection.7.68}
\BOOKMARK [3][-]{subsubsection.7.68.2}{\376\377\000F\000u\000n\000c\000t\000i\000o\000n\000\040\000D\000o\000c\000u\000m\000e\000n\000t\000a\000t\000i\000o\000n}{subsection.7.68}
\BOOKMARK [2][-]{subsection.7.69}{\376\377\000s\000r\000c\000/\000x\000t\000e\000a\000-\000f\000-\000a\000d\000d\000-\000p\000d\000d\000t\000.\000c\000c\000\040\000F\000i\000l\000e\000\040\000R\000e\000f\000e\000r\000e\000n\000c\000e}{section.7}
\BOOKMARK [3][-]{subsubsection.7.69.1}{\376\377\000D\000e\000t\000a\000i\000l\000e\000d\000\040\000D\000e\000s\000c\000r\000i\000p\000t\000i\000o\000n}{subsection.7.69}
\BOOKMARK [3][-]{subsubsection.7.69.2}{\376\377\000F\000u\000n\000c\000t\000i\000o\000n\000\040\000D\000o\000c\000u\000m\000e\000n\000t\000a\000t\000i\000o\000n}{subsection.7.69}
\BOOKMARK [2][-]{subsection.7.70}{\376\377\000s\000r\000c\000/\000x\000t\000e\000a\000-\000f\000-\000x\000o\000r\000-\000p\000d\000d\000t\000.\000c\000c\000\040\000F\000i\000l\000e\000\040\000R\000e\000f\000e\000r\000e\000n\000c\000e}{section.7}
\BOOKMARK [3][-]{subsubsection.7.70.1}{\376\377\000D\000e\000t\000a\000i\000l\000e\000d\000\040\000D\000e\000s\000c\000r\000i\000p\000t\000i\000o\000n}{subsection.7.70}
\BOOKMARK [3][-]{subsubsection.7.70.2}{\376\377\000F\000u\000n\000c\000t\000i\000o\000n\000\040\000D\000o\000c\000u\000m\000e\000n\000t\000a\000t\000i\000o\000n}{subsection.7.70}
\BOOKMARK [2][-]{subsection.7.71}{\376\377\000s\000r\000c\000/\000x\000t\000e\000a\000-\000x\000o\000r\000-\000t\000h\000r\000e\000s\000h\000o\000l\000d\000-\000s\000e\000a\000r\000c\000h\000.\000c\000c\000\040\000F\000i\000l\000e\000\040\000R\000e\000f\000e\000r\000e\000n\000c\000e}{section.7}
\BOOKMARK [3][-]{subsubsection.7.71.1}{\376\377\000D\000e\000t\000a\000i\000l\000e\000d\000\040\000D\000e\000s\000c\000r\000i\000p\000t\000i\000o\000n}{subsection.7.71}
\BOOKMARK [3][-]{subsubsection.7.71.2}{\376\377\000F\000u\000n\000c\000t\000i\000o\000n\000\040\000D\000o\000c\000u\000m\000e\000n\000t\000a\000t\000i\000o\000n}{subsection.7.71}
\BOOKMARK [2][-]{subsection.7.72}{\376\377\000s\000r\000c\000/\000x\000t\000e\000a\000.\000c\000c\000\040\000F\000i\000l\000e\000\040\000R\000e\000f\000e\000r\000e\000n\000c\000e}{section.7}
\BOOKMARK [3][-]{subsubsection.7.72.1}{\376\377\000D\000e\000t\000a\000i\000l\000e\000d\000\040\000D\000e\000s\000c\000r\000i\000p\000t\000i\000o\000n}{subsection.7.72}
\BOOKMARK [3][-]{subsubsection.7.72.2}{\376\377\000F\000u\000n\000c\000t\000i\000o\000n\000\040\000D\000o\000c\000u\000m\000e\000n\000t\000a\000t\000i\000o\000n}{subsection.7.72}
\BOOKMARK [2][-]{subsection.7.73}{\376\377\000t\000e\000s\000t\000s\000/\000a\000d\000p\000-\000r\000s\000h\000-\000x\000o\000r\000-\000t\000e\000s\000t\000s\000.\000c\000c\000\040\000F\000i\000l\000e\000\040\000R\000e\000f\000e\000r\000e\000n\000c\000e}{section.7}
\BOOKMARK [3][-]{subsubsection.7.73.1}{\376\377\000D\000e\000t\000a\000i\000l\000e\000d\000\040\000D\000e\000s\000c\000r\000i\000p\000t\000i\000o\000n}{subsection.7.73}
\BOOKMARK [3][-]{subsubsection.7.73.2}{\376\377\000F\000u\000n\000c\000t\000i\000o\000n\000\040\000D\000o\000c\000u\000m\000e\000n\000t\000a\000t\000i\000o\000n}{subsection.7.73}
\BOOKMARK [2][-]{subsection.7.74}{\376\377\000t\000e\000s\000t\000s\000/\000a\000d\000p\000-\000s\000h\000i\000f\000t\000-\000t\000e\000s\000t\000s\000.\000c\000c\000\040\000F\000i\000l\000e\000\040\000R\000e\000f\000e\000r\000e\000n\000c\000e}{section.7}
\BOOKMARK [3][-]{subsubsection.7.74.1}{\376\377\000D\000e\000t\000a\000i\000l\000e\000d\000\040\000D\000e\000s\000c\000r\000i\000p\000t\000i\000o\000n}{subsection.7.74}
\BOOKMARK [2][-]{subsection.7.75}{\376\377\000t\000e\000s\000t\000s\000/\000a\000d\000p\000-\000t\000e\000a\000-\000f\000-\000f\000k\000-\000d\000d\000t\000-\000t\000e\000s\000t\000s\000.\000c\000c\000\040\000F\000i\000l\000e\000\040\000R\000e\000f\000e\000r\000e\000n\000c\000e}{section.7}
\BOOKMARK [3][-]{subsubsection.7.75.1}{\376\377\000D\000e\000t\000a\000i\000l\000e\000d\000\040\000D\000e\000s\000c\000r\000i\000p\000t\000i\000o\000n}{subsection.7.75}
\BOOKMARK [2][-]{subsection.7.76}{\376\377\000t\000e\000s\000t\000s\000/\000a\000d\000p\000-\000t\000e\000a\000-\000f\000-\000f\000k\000-\000n\000o\000s\000h\000i\000f\000t\000-\000t\000e\000s\000t\000s\000.\000c\000c\000\040\000F\000i\000l\000e\000\040\000R\000e\000f\000e\000r\000e\000n\000c\000e}{section.7}
\BOOKMARK [3][-]{subsubsection.7.76.1}{\376\377\000D\000e\000t\000a\000i\000l\000e\000d\000\040\000D\000e\000s\000c\000r\000i\000p\000t\000i\000o\000n}{subsection.7.76}
\BOOKMARK [2][-]{subsection.7.77}{\376\377\000t\000e\000s\000t\000s\000/\000a\000d\000p\000-\000t\000e\000a\000-\000f\000-\000f\000k\000-\000t\000e\000s\000t\000s\000.\000c\000c\000\040\000F\000i\000l\000e\000\040\000R\000e\000f\000e\000r\000e\000n\000c\000e}{section.7}
\BOOKMARK [3][-]{subsubsection.7.77.1}{\376\377\000D\000e\000t\000a\000i\000l\000e\000d\000\040\000D\000e\000s\000c\000r\000i\000p\000t\000i\000o\000n}{subsection.7.77}
\BOOKMARK [2][-]{subsection.7.78}{\376\377\000t\000e\000s\000t\000s\000/\000a\000d\000p\000-\000x\000o\000r\000-\000f\000i\000-\000t\000e\000s\000t\000s\000.\000c\000c\000\040\000F\000i\000l\000e\000\040\000R\000e\000f\000e\000r\000e\000n\000c\000e}{section.7}
\BOOKMARK [3][-]{subsubsection.7.78.1}{\376\377\000D\000e\000t\000a\000i\000l\000e\000d\000\040\000D\000e\000s\000c\000r\000i\000p\000t\000i\000o\000n}{subsection.7.78}
\BOOKMARK [2][-]{subsection.7.79}{\376\377\000t\000e\000s\000t\000s\000/\000a\000d\000p\000-\000x\000o\000r\000-\000p\000d\000d\000t\000-\000t\000e\000s\000t\000s\000.\000c\000c\000\040\000F\000i\000l\000e\000\040\000R\000e\000f\000e\000r\000e\000n\000c\000e}{section.7}
\BOOKMARK [3][-]{subsubsection.7.79.1}{\376\377\000D\000e\000t\000a\000i\000l\000e\000d\000\040\000D\000e\000s\000c\000r\000i\000p\000t\000i\000o\000n}{subsection.7.79}
\BOOKMARK [3][-]{subsubsection.7.79.2}{\376\377\000F\000u\000n\000c\000t\000i\000o\000n\000\040\000D\000o\000c\000u\000m\000e\000n\000t\000a\000t\000i\000o\000n}{subsection.7.79}
\BOOKMARK [2][-]{subsection.7.80}{\376\377\000t\000e\000s\000t\000s\000/\000a\000d\000p\000-\000x\000o\000r\000-\000t\000e\000s\000t\000s\000.\000c\000c\000\040\000F\000i\000l\000e\000\040\000R\000e\000f\000e\000r\000e\000n\000c\000e}{section.7}
\BOOKMARK [3][-]{subsubsection.7.80.1}{\376\377\000D\000e\000t\000a\000i\000l\000e\000d\000\040\000D\000e\000s\000c\000r\000i\000p\000t\000i\000o\000n}{subsection.7.80}
\BOOKMARK [3][-]{subsubsection.7.80.2}{\376\377\000F\000u\000n\000c\000t\000i\000o\000n\000\040\000D\000o\000c\000u\000m\000e\000n\000t\000a\000t\000i\000o\000n}{subsection.7.80}
\BOOKMARK [2][-]{subsection.7.81}{\376\377\000t\000e\000s\000t\000s\000/\000a\000d\000p\000-\000x\000o\000r\0003\000-\000t\000e\000s\000t\000s\000.\000c\000c\000\040\000F\000i\000l\000e\000\040\000R\000e\000f\000e\000r\000e\000n\000c\000e}{section.7}
\BOOKMARK [3][-]{subsubsection.7.81.1}{\376\377\000D\000e\000t\000a\000i\000l\000e\000d\000\040\000D\000e\000s\000c\000r\000i\000p\000t\000i\000o\000n}{subsection.7.81}
\BOOKMARK [3][-]{subsubsection.7.81.2}{\376\377\000F\000u\000n\000c\000t\000i\000o\000n\000\040\000D\000o\000c\000u\000m\000e\000n\000t\000a\000t\000i\000o\000n}{subsection.7.81}
\BOOKMARK [2][-]{subsection.7.82}{\376\377\000t\000e\000s\000t\000s\000/\000a\000d\000p\000-\000x\000t\000e\000a\000-\000f\000-\000f\000k\000-\000t\000e\000s\000t\000s\000.\000c\000c\000\040\000F\000i\000l\000e\000\040\000R\000e\000f\000e\000r\000e\000n\000c\000e}{section.7}
\BOOKMARK [3][-]{subsubsection.7.82.1}{\376\377\000D\000e\000t\000a\000i\000l\000e\000d\000\040\000D\000e\000s\000c\000r\000i\000p\000t\000i\000o\000n}{subsection.7.82}
\BOOKMARK [2][-]{subsection.7.83}{\376\377\000t\000e\000s\000t\000s\000/\000e\000a\000d\000p\000-\000t\000e\000a\000-\000f\000-\000t\000e\000s\000t\000s\000.\000c\000c\000\040\000F\000i\000l\000e\000\040\000R\000e\000f\000e\000r\000e\000n\000c\000e}{section.7}
\BOOKMARK [3][-]{subsubsection.7.83.1}{\376\377\000D\000e\000t\000a\000i\000l\000e\000d\000\040\000D\000e\000s\000c\000r\000i\000p\000t\000i\000o\000n}{subsection.7.83}
\BOOKMARK [3][-]{subsubsection.7.83.2}{\376\377\000F\000u\000n\000c\000t\000i\000o\000n\000\040\000D\000o\000c\000u\000m\000e\000n\000t\000a\000t\000i\000o\000n}{subsection.7.83}
\BOOKMARK [2][-]{subsection.7.84}{\376\377\000t\000e\000s\000t\000s\000/\000m\000a\000x\000-\000a\000d\000p\000-\000x\000o\000r\000-\000f\000i\000-\000t\000e\000s\000t\000s\000.\000c\000c\000\040\000F\000i\000l\000e\000\040\000R\000e\000f\000e\000r\000e\000n\000c\000e}{section.7}
\BOOKMARK [3][-]{subsubsection.7.84.1}{\376\377\000D\000e\000t\000a\000i\000l\000e\000d\000\040\000D\000e\000s\000c\000r\000i\000p\000t\000i\000o\000n}{subsection.7.84}
\BOOKMARK [2][-]{subsection.7.85}{\376\377\000t\000e\000s\000t\000s\000/\000m\000a\000x\000-\000a\000d\000p\000-\000x\000o\000r\000-\000t\000e\000s\000t\000s\000.\000c\000c\000\040\000F\000i\000l\000e\000\040\000R\000e\000f\000e\000r\000e\000n\000c\000e}{section.7}
\BOOKMARK [3][-]{subsubsection.7.85.1}{\376\377\000D\000e\000t\000a\000i\000l\000e\000d\000\040\000D\000e\000s\000c\000r\000i\000p\000t\000i\000o\000n}{subsection.7.85}
\BOOKMARK [2][-]{subsection.7.86}{\376\377\000t\000e\000s\000t\000s\000/\000m\000a\000x\000-\000a\000d\000p\000-\000x\000o\000r\0003\000-\000s\000e\000t\000-\000t\000e\000s\000t\000s\000.\000c\000c\000\040\000F\000i\000l\000e\000\040\000R\000e\000f\000e\000r\000e\000n\000c\000e}{section.7}
\BOOKMARK [3][-]{subsubsection.7.86.1}{\376\377\000D\000e\000t\000a\000i\000l\000e\000d\000\040\000D\000e\000s\000c\000r\000i\000p\000t\000i\000o\000n}{subsection.7.86}
\BOOKMARK [2][-]{subsection.7.87}{\376\377\000t\000e\000s\000t\000s\000/\000m\000a\000x\000-\000a\000d\000p\000-\000x\000o\000r\0003\000-\000t\000e\000s\000t\000s\000.\000c\000c\000\040\000F\000i\000l\000e\000\040\000R\000e\000f\000e\000r\000e\000n\000c\000e}{section.7}
\BOOKMARK [3][-]{subsubsection.7.87.1}{\376\377\000D\000e\000t\000a\000i\000l\000e\000d\000\040\000D\000e\000s\000c\000r\000i\000p\000t\000i\000o\000n}{subsection.7.87}
\BOOKMARK [2][-]{subsection.7.88}{\376\377\000t\000e\000s\000t\000s\000/\000m\000a\000x\000-\000x\000d\000p\000-\000a\000d\000d\000-\000t\000e\000s\000t\000s\000.\000c\000c\000\040\000F\000i\000l\000e\000\040\000R\000e\000f\000e\000r\000e\000n\000c\000e}{section.7}
\BOOKMARK [3][-]{subsubsection.7.88.1}{\376\377\000D\000e\000t\000a\000i\000l\000e\000d\000\040\000D\000e\000s\000c\000r\000i\000p\000t\000i\000o\000n}{subsection.7.88}
\BOOKMARK [3][-]{subsubsection.7.88.2}{\376\377\000F\000u\000n\000c\000t\000i\000o\000n\000\040\000D\000o\000c\000u\000m\000e\000n\000t\000a\000t\000i\000o\000n}{subsection.7.88}
\BOOKMARK [2][-]{subsection.7.89}{\376\377\000t\000e\000s\000t\000s\000/\000t\000e\000a\000-\000a\000d\000d\000-\000d\000d\000t\000-\000s\000e\000a\000r\000c\000h\000-\000t\000e\000s\000t\000s\000.\000c\000c\000\040\000F\000i\000l\000e\000\040\000R\000e\000f\000e\000r\000e\000n\000c\000e}{section.7}
\BOOKMARK [3][-]{subsubsection.7.89.1}{\376\377\000D\000e\000t\000a\000i\000l\000e\000d\000\040\000D\000e\000s\000c\000r\000i\000p\000t\000i\000o\000n}{subsection.7.89}
\BOOKMARK [2][-]{subsection.7.90}{\376\377\000t\000e\000s\000t\000s\000/\000t\000e\000a\000-\000a\000d\000d\000-\000t\000h\000r\000e\000s\000h\000o\000l\000d\000-\000s\000e\000a\000r\000c\000h\000-\000t\000e\000s\000t\000s\000.\000c\000c\000\040\000F\000i\000l\000e\000\040\000R\000e\000f\000e\000r\000e\000n\000c\000e}{section.7}
\BOOKMARK [3][-]{subsubsection.7.90.1}{\376\377\000D\000e\000t\000a\000i\000l\000e\000d\000\040\000D\000e\000s\000c\000r\000i\000p\000t\000i\000o\000n}{subsection.7.90}
\BOOKMARK [2][-]{subsection.7.91}{\376\377\000t\000e\000s\000t\000s\000/\000t\000e\000a\000-\000f\000-\000a\000d\000d\000-\000p\000d\000d\000t\000-\000t\000e\000s\000t\000s\000.\000c\000c\000\040\000F\000i\000l\000e\000\040\000R\000e\000f\000e\000r\000e\000n\000c\000e}{section.7}
\BOOKMARK [3][-]{subsubsection.7.91.1}{\376\377\000D\000e\000t\000a\000i\000l\000e\000d\000\040\000D\000e\000s\000c\000r\000i\000p\000t\000i\000o\000n}{subsection.7.91}
\BOOKMARK [2][-]{subsection.7.92}{\376\377\000t\000e\000s\000t\000s\000/\000x\000d\000p\000-\000a\000d\000d\000-\000t\000e\000s\000t\000s\000.\000c\000c\000\040\000F\000i\000l\000e\000\040\000R\000e\000f\000e\000r\000e\000n\000c\000e}{section.7}
\BOOKMARK [3][-]{subsubsection.7.92.1}{\376\377\000D\000e\000t\000a\000i\000l\000e\000d\000\040\000D\000e\000s\000c\000r\000i\000p\000t\000i\000o\000n}{subsection.7.92}
\BOOKMARK [3][-]{subsubsection.7.92.2}{\376\377\000F\000u\000n\000c\000t\000i\000o\000n\000\040\000D\000o\000c\000u\000m\000e\000n\000t\000a\000t\000i\000o\000n}{subsection.7.92}
\BOOKMARK [2][-]{subsection.7.93}{\376\377\000t\000e\000s\000t\000s\000/\000x\000d\000p\000-\000t\000e\000a\000-\000f\000-\000f\000k\000-\000t\000e\000s\000t\000s\000.\000c\000c\000\040\000F\000i\000l\000e\000\040\000R\000e\000f\000e\000r\000e\000n\000c\000e}{section.7}
\BOOKMARK [3][-]{subsubsection.7.93.1}{\376\377\000D\000e\000t\000a\000i\000l\000e\000d\000\040\000D\000e\000s\000c\000r\000i\000p\000t\000i\000o\000n}{subsection.7.93}
\BOOKMARK [2][-]{subsection.7.94}{\376\377\000t\000e\000s\000t\000s\000/\000x\000d\000p\000-\000x\000t\000e\000a\000-\000f\000-\000f\000k\000-\000t\000e\000s\000t\000s\000.\000c\000c\000\040\000F\000i\000l\000e\000\040\000R\000e\000f\000e\000r\000e\000n\000c\000e}{section.7}
\BOOKMARK [3][-]{subsubsection.7.94.1}{\376\377\000D\000e\000t\000a\000i\000l\000e\000d\000\040\000D\000e\000s\000c\000r\000i\000p\000t\000i\000o\000n}{subsection.7.94}
\BOOKMARK [2][-]{subsection.7.95}{\376\377\000t\000e\000s\000t\000s\000/\000x\000t\000e\000a\000-\000a\000d\000d\000-\000t\000h\000r\000e\000s\000h\000o\000l\000d\000-\000s\000e\000a\000r\000c\000h\000-\000t\000e\000s\000t\000s\000.\000c\000c\000\040\000F\000i\000l\000e\000\040\000R\000e\000f\000e\000r\000e\000n\000c\000e}{section.7}
\BOOKMARK [3][-]{subsubsection.7.95.1}{\376\377\000D\000e\000t\000a\000i\000l\000e\000d\000\040\000D\000e\000s\000c\000r\000i\000p\000t\000i\000o\000n}{subsection.7.95}
\BOOKMARK [2][-]{subsection.7.96}{\376\377\000t\000e\000s\000t\000s\000/\000x\000t\000e\000a\000-\000x\000o\000r\000-\000t\000h\000r\000e\000s\000h\000o\000l\000d\000-\000s\000e\000a\000r\000c\000h\000-\000t\000e\000s\000t\000s\000.\000c\000c\000\040\000F\000i\000l\000e\000\040\000R\000e\000f\000e\000r\000e\000n\000c\000e}{section.7}
\BOOKMARK [3][-]{subsubsection.7.96.1}{\376\377\000D\000e\000t\000a\000i\000l\000e\000d\000\040\000D\000e\000s\000c\000r\000i\000p\000t\000i\000o\000n}{subsection.7.96}
